<?xml version="1.0" encoding="UTF-8"?>
<!-- Generated by org.testng.reporters.JUnitReportReporter -->
<testsuite hostname="DESKTOP-L28IVB5" failures="0" tests="1" name="TestLayer.LoginPageTest" time="4.273" errors="0" timestamp="2021-12-02T20:23:05 IST" skipped="0">
  <testcase classname="TestLayer.LoginPageTest" name="validateLoginFunctionality" time="4.273"/>
  <system-out/>
</testsuite> <!-- TestLayer.LoginPageTest -->
