<?xml version="1.0" encoding="UTF-8"?>
<!-- Generated by org.testng.reporters.JUnitReportReporter -->
<testsuite hostname="DESKTOP-L28IVB5" failures="0" tests="6" name="TestLayer.PIMPageTest" time="30.704" errors="0" timestamp="2021-12-08T20:51:40 IST" skipped="0">
  <testcase classname="TestLayer.PIMPageTest" name="validateLoginFunctionality" time="6.559"/>
  <system-out/>
  <testcase classname="TestLayer.PIMPageTest" name="validatePIMPageLink" time="1.917"/>
  <system-out/>
  <testcase classname="TestLayer.PIMPageTest" name="validateAddButtonInPIMPage" time="0.851"/>
  <system-out/>
  <testcase classname="TestLayer.PIMPageTest" name="validateAddEmployeeFunctionality" time="6.406"/>
  <system-out/>
  <testcase classname="TestLayer.PIMPageTest" name="validayteEditButtonFunctionality" time="0.188"/>
  <system-out/>
  <testcase classname="TestLayer.PIMPageTest" name="validatePersonalDetail" time="14.783"/>
  <system-out/>
</testsuite> <!-- TestLayer.PIMPageTest -->
