<?xml version="1.0" encoding="UTF-8"?>
<!-- Generated by org.testng.reporters.JUnitReportReporter -->
<testsuite hostname="DESKTOP-L28IVB5" failures="0" tests="7" name="TestLayer.HomePageTest" time="19.163" errors="0" timestamp="2021-11-30T20:28:29 IST" skipped="0">
  <testcase classname="TestLayer.HomePageTest" name="validateLoginFunctionality" time="6.216"/>
  <system-out/>
  <testcase classname="TestLayer.HomePageTest" name="validateHomePageLogo" time="0.125"/>
  <system-out/>
  <testcase classname="TestLayer.HomePageTest" name="validateTitle" time="2.010"/>
  <system-out/>
  <testcase classname="TestLayer.HomePageTest" name="validateUrl" time="0.010"/>
  <system-out/>
  <testcase classname="TestLayer.HomePageTest" name="validateAdminLink" time="3.639"/>
  <system-out/>
  <testcase classname="TestLayer.HomePageTest" name="validatePIMLink" time="3.633"/>
  <system-out/>
  <testcase classname="TestLayer.HomePageTest" name="validateLeaveLink" time="3.530"/>
  <system-out/>
</testsuite> <!-- TestLayer.HomePageTest -->
